2022-09-19 19:23:04.772  INFO 30186 --- [restartedMain] c.j.libaryapi.LibaryApiApplication       : Starting LibaryApiApplication using Java 11.0.16 on erivam-C62-LIV with PID 30186 (/home/erivam/eclipse-workspace/Projetos/libary-api/target/classes started by erivam in /home/erivam/eclipse-workspace/Projetos/libary-api)
2022-09-19 19:23:04.773  INFO 30186 --- [restartedMain] c.j.libaryapi.LibaryApiApplication       : No active profile set, falling back to 1 default profile: "default"
2022-09-19 19:23:04.832  INFO 30186 --- [restartedMain] .e.DevToolsPropertyDefaultsPostProcessor : Devtools property defaults active! Set 'spring.devtools.add-properties' to 'false' to disable
2022-09-19 19:23:04.832  INFO 30186 --- [restartedMain] .e.DevToolsPropertyDefaultsPostProcessor : For additional web related logging consider setting the 'logging.level.web' property to 'DEBUG'
2022-09-19 19:23:05.695  INFO 30186 --- [restartedMain] .s.d.r.c.RepositoryConfigurationDelegate : Bootstrapping Spring Data JPA repositories in DEFAULT mode.
2022-09-19 19:23:05.796  INFO 30186 --- [restartedMain] .s.d.r.c.RepositoryConfigurationDelegate : Finished Spring Data repository scanning in 93 ms. Found 2 JPA repository interfaces.
2022-09-19 19:23:06.260  INFO 30186 --- [restartedMain] com.zaxxer.hikari.HikariDataSource       : HikariPool-1 - Starting...
2022-09-19 19:23:06.426  INFO 30186 --- [restartedMain] com.zaxxer.hikari.HikariDataSource       : HikariPool-1 - Start completed.
2022-09-19 19:23:06.460  INFO 30186 --- [restartedMain] o.hibernate.jpa.internal.util.LogHelper  : HHH000204: Processing PersistenceUnitInfo [name: default]
2022-09-19 19:23:06.499  INFO 30186 --- [restartedMain] org.hibernate.Version                    : HHH000412: Hibernate ORM core version 5.6.9.Final
2022-09-19 19:23:06.601  INFO 30186 --- [restartedMain] o.hibernate.annotations.common.Version   : HCANN000001: Hibernate Commons Annotations {5.1.2.Final}
2022-09-19 19:23:06.673  INFO 30186 --- [restartedMain] org.hibernate.dialect.Dialect            : HHH000400: Using dialect: org.hibernate.dialect.H2Dialect
2022-09-19 19:23:07.063  INFO 30186 --- [restartedMain] o.h.e.t.j.p.i.JtaPlatformInitiator       : HHH000490: Using JtaPlatform implementation: [org.hibernate.engine.transaction.jta.platform.internal.NoJtaPlatform]
2022-09-19 19:23:07.067  INFO 30186 --- [restartedMain] j.LocalContainerEntityManagerFactoryBean : Initialized JPA EntityManagerFactory for persistence unit 'default'
2022-09-19 19:23:07.997  INFO 30186 --- [restartedMain] o.s.b.a.e.web.EndpointLinksResolver      : Exposing 14 endpoint(s) beneath base path '/actuator'
2022-09-19 19:23:08.076  INFO 30186 --- [restartedMain] o.s.b.d.a.OptionalLiveReloadServer       : LiveReload server is running on port 35729
2022-09-19 19:23:08.352  INFO 30186 --- [restartedMain] o.s.b.web.embedded.netty.NettyWebServer  : Netty started on port 8080
2022-09-19 19:23:08.592  INFO 30186 --- [restartedMain] c.j.libaryapi.LibaryApiApplication       : Started LibaryApiApplication in 4.18 seconds (JVM running for 4.597)
2022-09-19 19:34:24.977  INFO 30186 --- [SpringApplicationShutdownHook] j.LocalContainerEntityManagerFactoryBean : Closing JPA EntityManagerFactory for persistence unit 'default'
2022-09-19 19:34:24.978  INFO 30186 --- [SpringApplicationShutdownHook] .SchemaDropperImpl$DelayedDropActionImpl : HHH000477: Starting delayed evictData of schema as part of SessionFactory shut-down'
2022-09-19 19:34:25.187  WARN 30186 --- [SpringApplicationShutdownHook] o.s.b.f.support.DisposableBeanAdapter    : Invocation of destroy method failed on bean with name 'inMemoryDatabaseShutdownExecutor': org.h2.jdbc.JdbcSQLNonTransientConnectionException: Database is already closed (to disable automatic closing at VM shutdown, add ";DB_CLOSE_ON_EXIT=FALSE" to the db URL) [90121-212]
2022-09-19 19:34:25.188  INFO 30186 --- [SpringApplicationShutdownHook] com.zaxxer.hikari.HikariDataSource       : HikariPool-1 - Shutdown initiated...
2022-09-19 19:34:25.195  INFO 30186 --- [SpringApplicationShutdownHook] com.zaxxer.hikari.HikariDataSource       : HikariPool-1 - Shutdown completed.
2022-09-19 19:34:32.948  INFO 31194 --- [restartedMain] c.j.libaryapi.LibaryApiApplication       : Starting LibaryApiApplication using Java 11.0.16 on erivam-C62-LIV with PID 31194 (/home/erivam/eclipse-workspace/Projetos/libary-api/target/classes started by erivam in /home/erivam/eclipse-workspace/Projetos/libary-api)
2022-09-19 19:34:32.950  INFO 31194 --- [restartedMain] c.j.libaryapi.LibaryApiApplication       : No active profile set, falling back to 1 default profile: "default"
2022-09-19 19:34:32.996  INFO 31194 --- [restartedMain] .e.DevToolsPropertyDefaultsPostProcessor : Devtools property defaults active! Set 'spring.devtools.add-properties' to 'false' to disable
2022-09-19 19:34:32.996  INFO 31194 --- [restartedMain] .e.DevToolsPropertyDefaultsPostProcessor : For additional web related logging consider setting the 'logging.level.web' property to 'DEBUG'
2022-09-19 19:34:33.945  INFO 31194 --- [restartedMain] .s.d.r.c.RepositoryConfigurationDelegate : Bootstrapping Spring Data JPA repositories in DEFAULT mode.
2022-09-19 19:34:34.043  INFO 31194 --- [restartedMain] .s.d.r.c.RepositoryConfigurationDelegate : Finished Spring Data repository scanning in 92 ms. Found 2 JPA repository interfaces.
2022-09-19 19:34:34.482  INFO 31194 --- [restartedMain] com.zaxxer.hikari.HikariDataSource       : HikariPool-1 - Starting...
2022-09-19 19:34:34.626  INFO 31194 --- [restartedMain] com.zaxxer.hikari.HikariDataSource       : HikariPool-1 - Start completed.
2022-09-19 19:34:34.665  INFO 31194 --- [restartedMain] o.hibernate.jpa.internal.util.LogHelper  : HHH000204: Processing PersistenceUnitInfo [name: default]
2022-09-19 19:34:34.698  INFO 31194 --- [restartedMain] org.hibernate.Version                    : HHH000412: Hibernate ORM core version 5.6.9.Final
2022-09-19 19:34:34.791  INFO 31194 --- [restartedMain] o.hibernate.annotations.common.Version   : HCANN000001: Hibernate Commons Annotations {5.1.2.Final}
2022-09-19 19:34:34.863  INFO 31194 --- [restartedMain] org.hibernate.dialect.Dialect            : HHH000400: Using dialect: org.hibernate.dialect.H2Dialect
2022-09-19 19:34:35.250  INFO 31194 --- [restartedMain] o.h.e.t.j.p.i.JtaPlatformInitiator       : HHH000490: Using JtaPlatform implementation: [org.hibernate.engine.transaction.jta.platform.internal.NoJtaPlatform]
2022-09-19 19:34:35.254  INFO 31194 --- [restartedMain] j.LocalContainerEntityManagerFactoryBean : Initialized JPA EntityManagerFactory for persistence unit 'default'
2022-09-19 19:34:36.036  INFO 31194 --- [restartedMain] o.s.b.a.e.web.EndpointLinksResolver      : Exposing 14 endpoint(s) beneath base path '/actuator'
2022-09-19 19:34:36.111  INFO 31194 --- [restartedMain] o.s.b.d.a.OptionalLiveReloadServer       : LiveReload server is running on port 35729
2022-09-19 19:34:36.380  INFO 31194 --- [restartedMain] o.s.b.web.embedded.netty.NettyWebServer  : Netty started on port 8080
2022-09-19 19:34:36.673  INFO 31194 --- [restartedMain] c.j.libaryapi.LibaryApiApplication       : Started LibaryApiApplication in 4.063 seconds (JVM running for 4.457)
2022-09-19 19:37:07.527  INFO 31194 --- [SpringApplicationShutdownHook] j.LocalContainerEntityManagerFactoryBean : Closing JPA EntityManagerFactory for persistence unit 'default'
2022-09-19 19:37:07.528  INFO 31194 --- [SpringApplicationShutdownHook] .SchemaDropperImpl$DelayedDropActionImpl : HHH000477: Starting delayed evictData of schema as part of SessionFactory shut-down'
2022-09-19 19:37:07.738  WARN 31194 --- [SpringApplicationShutdownHook] o.s.b.f.support.DisposableBeanAdapter    : Invocation of destroy method failed on bean with name 'inMemoryDatabaseShutdownExecutor': org.h2.jdbc.JdbcSQLNonTransientConnectionException: Database is already closed (to disable automatic closing at VM shutdown, add ";DB_CLOSE_ON_EXIT=FALSE" to the db URL) [90121-212]
2022-09-19 19:37:07.740  INFO 31194 --- [SpringApplicationShutdownHook] com.zaxxer.hikari.HikariDataSource       : HikariPool-1 - Shutdown initiated...
2022-09-19 19:37:07.748  INFO 31194 --- [SpringApplicationShutdownHook] com.zaxxer.hikari.HikariDataSource       : HikariPool-1 - Shutdown completed.
